Using pre-set license
Built from '2020.3/staging' branch; Version is '2020.3.30f1 (1fb1bf06830e) revision 2077119'; Using compiler version '192528614'; Build Type 'Release'
OS: 'Windows 10  (10.0.19043) 64bit Core' Language: 'ko' Physical Memory: 16147 MB
BatchMode: 1, IsHumanControllingUs: 0, StartBugReporterOnCrash: 0, Is64bit: 1, IsPro: 0

COMMAND LINE ARGUMENTS:
C:\Program Files\Unity\Hub\Editor\2020.3.30f1\Editor\Unity.exe
-adb2
-batchMode
-noUpm
-name
AssetImportWorker0
-projectPath
C:/Users/roskf/Desktop/UnityGames/DreamCatcher
-logFile
Logs/AssetImportWorker0.log
-srvPort
62137
Successfully changed project path to: C:/Users/roskf/Desktop/UnityGames/DreamCatcher
C:/Users/roskf/Desktop/UnityGames/DreamCatcher
Using Asset Import Pipeline V2.
Refreshing native plugins compatible for Editor in 95.31 ms, found 3 plugins.
Preloading 0 native plugins for Editor in 0.00 ms.
Initialize engine version: 2020.3.30f1 (1fb1bf06830e)
[Subsystems] Discovering subsystems at path C:/Program Files/Unity/Hub/Editor/2020.3.30f1/Editor/Data/Resources/UnitySubsystems
[Subsystems] Discovering subsystems at path C:/Users/roskf/Desktop/UnityGames/DreamCatcher/Assets
GfxDevice: creating device client; threaded=0
Direct3D:
    Version:  Direct3D 11.0 [level 11.1]
    Renderer: NVIDIA GeForce RTX 3060 Laptop GPU (ID=0x2520)
    Vendor:   
    VRAM:     6023 MB
    Driver:   27.21.14.6262
Initialize mono
Mono path[0] = 'C:/Program Files/Unity/Hub/Editor/2020.3.30f1/Editor/Data/Managed'
Mono path[1] = 'C:/Program Files/Unity/Hub/Editor/2020.3.30f1/Editor/Data/MonoBleedingEdge/lib/mono/unityjit'
Mono config path = 'C:/Program Files/Unity/Hub/Editor/2020.3.30f1/Editor/Data/MonoBleedingEdge/etc'
Using monoOptions --debugger-agent=transport=dt_socket,embedding=1,server=y,suspend=n,address=127.0.0.1:56376
Begin MonoManager ReloadAssembly
Registering precompiled unity dll's ...
Register platform support module: C:/Program Files/Unity/Hub/Editor/2020.3.30f1/Editor/Data/PlaybackEngines/WindowsStandaloneSupport/UnityEditor.WindowsStandalone.Extensions.dll
Registered in 0.005981 seconds.
Native extension for WindowsStandalone target not found
Refreshing native plugins compatible for Editor in 101.20 ms, found 3 plugins.
Preloading 0 native plugins for Editor in 0.00 ms.
Mono: successfully reloaded assembly
- Completed reload, in  1.308 seconds
Domain Reload Profiling:
	ReloadAssembly (1309ms)
		BeginReloadAssembly (186ms)
			ExecutionOrderSort (0ms)
			DisableScriptedObjects (0ms)
			BackupInstance (0ms)
			ReleaseScriptingObjects (0ms)
			CreateAndSetChildDomain (2ms)
		EndReloadAssembly (966ms)
			LoadAssemblies (179ms)
			RebuildTransferFunctionScriptingTraits (0ms)
			SetupTypeCache (285ms)
			ReleaseScriptCaches (0ms)
			RebuildScriptCaches (60ms)
			SetupLoadedEditorAssemblies (375ms)
				LogAssemblyErrors (0ms)
				InitializePlatformSupportModulesInManaged (12ms)
				SetLoadedEditorAssemblies (0ms)
				RefreshPlugins (101ms)
				BeforeProcessingInitializeOnLoad (34ms)
				ProcessInitializeOnLoadAttributes (168ms)
				ProcessInitializeOnLoadMethodAttributes (59ms)
				AfterProcessingInitializeOnLoad (0ms)
				EditorAssembliesLoaded (0ms)
			ExecutionOrderSort2 (0ms)
			AwakeInstancesAfterBackupRestoration (0ms)
Platform modules already initialized, skipping
Registering precompiled user dll's ...
Registered in 0.014202 seconds.
Begin MonoManager ReloadAssembly
Native extension for WindowsStandalone target not found
Refreshing native plugins compatible for Editor in 103.23 ms, found 3 plugins.
Preloading 0 native plugins for Editor in 0.00 ms.
Mono: successfully reloaded assembly
- Completed reload, in  2.278 seconds
Domain Reload Profiling:
	ReloadAssembly (2281ms)
		BeginReloadAssembly (340ms)
			ExecutionOrderSort (0ms)
			DisableScriptedObjects (9ms)
			BackupInstance (0ms)
			ReleaseScriptingObjects (0ms)
			CreateAndSetChildDomain (50ms)
		EndReloadAssembly (1809ms)
			LoadAssemblies (285ms)
			RebuildTransferFunctionScriptingTraits (0ms)
			SetupTypeCache (558ms)
			ReleaseScriptCaches (1ms)
			RebuildScriptCaches (91ms)
			SetupLoadedEditorAssemblies (722ms)
				LogAssemblyErrors (0ms)
				InitializePlatformSupportModulesInManaged (10ms)
				SetLoadedEditorAssemblies (0ms)
				RefreshPlugins (103ms)
				BeforeProcessingInitializeOnLoad (185ms)
				ProcessInitializeOnLoadAttributes (374ms)
				ProcessInitializeOnLoadMethodAttributes (29ms)
				AfterProcessingInitializeOnLoad (20ms)
				EditorAssembliesLoaded (0ms)
			ExecutionOrderSort2 (0ms)
			AwakeInstancesAfterBackupRestoration (13ms)
Platform modules already initialized, skipping
========================================================================
Worker process is ready to serve import requests
Launched and connected shader compiler UnityShaderCompiler.exe after 0.19 seconds
Refreshing native plugins compatible for Editor in 1.42 ms, found 3 plugins.
Preloading 0 native plugins for Editor in 0.00 ms.
Unloading 2242 Unused Serialized files (Serialized files now loaded: 0)
System memory in use before: 97.5 MB.
System memory in use after: 97.6 MB.

Unloading 29 unused Assets to reduce memory usage. Loaded Objects now: 2678.
Total: 5.913400 ms (FindLiveObjects: 0.595900 ms CreateObjectMapping: 0.203000 ms MarkObjects: 4.942500 ms  DeleteObjects: 0.170400 ms)

AssetImportParameters requested are different than current active one (requested -> active):
  custom:framework-win-MediaFoundation: 216162199b28c13a410421893ffa2e32 -> 
  custom:video-decoder-ogg-theora: a1e56fd34408186e4bbccfd4996cb3dc -> 
  custom:container-muxer-webm: aa71ff27fc2769a1b78a27578f13a17b -> 
  custom:container-demuxer-webm: 4f35f7cbe854078d1ac9338744f61a02 -> 
  custom:container-demuxer-ogg: 62fdf1f143b41e24485cea50d1cbac27 -> 
  custom:video-encoder-webm-vp8: eb34c28f22e8b96e1ab97ce403110664 -> 
  custom:video-decoder-webm-vp8: 9c59270c3fd7afecdb556c50c9e8de78 -> 
  custom:audio-decoder-ogg-vorbis: bf7c407c2cedff20999df2af8eb42d56 -> 
  custom:audio-encoder-webm-vorbis: bf7c407c2cedff20999df2af8eb42d56 -> 
========================================================================
Received Import Request.
  path: Assets/Resources/제작화면/구슬.png
  artifactKey: Guid(114f66cde42f5ea418098251c9636fea) Importer(815301076,1909f56bfc062723c751e8b465ee728b)
Start importing Assets/Resources/제작화면/구슬.png using Guid(114f66cde42f5ea418098251c9636fea) Importer(815301076,1909f56bfc062723c751e8b465ee728b)  -> (artifact id: '97f68241fb4be251d8e5ad698d339dfa') in 0.249356 seconds 
========================================================================
Received Prepare
Refreshing native plugins compatible for Editor in 11.25 ms, found 3 plugins.
Preloading 0 native plugins for Editor in 0.00 ms.
Unloading 16 Unused Serialized files (Serialized files now loaded: 0)
System memory in use before: 55.8 MB.
System memory in use after: 55.9 MB.

Unloading 16 unused Assets to reduce memory usage. Loaded Objects now: 2684.
Total: 5.927600 ms (FindLiveObjects: 0.416600 ms CreateObjectMapping: 0.198200 ms MarkObjects: 5.286100 ms  DeleteObjects: 0.024100 ms)

AssetImportParameters requested are different than current active one (requested -> active):
  custom:framework-win-MediaFoundation: 216162199b28c13a410421893ffa2e32 -> 
  custom:video-decoder-ogg-theora: a1e56fd34408186e4bbccfd4996cb3dc -> 
  custom:container-muxer-webm: aa71ff27fc2769a1b78a27578f13a17b -> 
  custom:container-demuxer-webm: 4f35f7cbe854078d1ac9338744f61a02 -> 
  custom:container-demuxer-ogg: 62fdf1f143b41e24485cea50d1cbac27 -> 
  custom:video-encoder-webm-vp8: eb34c28f22e8b96e1ab97ce403110664 -> 
  custom:video-decoder-webm-vp8: 9c59270c3fd7afecdb556c50c9e8de78 -> 
  custom:audio-decoder-ogg-vorbis: bf7c407c2cedff20999df2af8eb42d56 -> 
  custom:audio-encoder-webm-vorbis: bf7c407c2cedff20999df2af8eb42d56 -> 
========================================================================
Received Import Request.
  Time since last request: 1115.642580 seconds.
  path: Assets/Fonts/Windsong.ttf
  artifactKey: Guid(c57c2eee28d13a14d94ef87cc571ead5) Importer(815301076,1909f56bfc062723c751e8b465ee728b)
Start importing Assets/Fonts/Windsong.ttf using Guid(c57c2eee28d13a14d94ef87cc571ead5) Importer(815301076,1909f56bfc062723c751e8b465ee728b)  -> (artifact id: '3fa7b0b030871c133e697d8131a41911') in 0.135221 seconds 
========================================================================
Received Import Request.
  Time since last request: 215.555028 seconds.
  path: Assets/Fonts/mvboli.ttf
  artifactKey: Guid(5ebc347ebb6f3144e9d2f761cb118457) Importer(815301076,1909f56bfc062723c751e8b465ee728b)
Start importing Assets/Fonts/mvboli.ttf using Guid(5ebc347ebb6f3144e9d2f761cb118457) Importer(815301076,1909f56bfc062723c751e8b465ee728b)  -> (artifact id: '05dd9b2033fd70ebd2fa014922a62b38') in 0.051804 seconds 
========================================================================
Received Import Request.
  Time since last request: 3864.323917 seconds.
  path: Assets/Animation/Cat_Tail.controller
  artifactKey: Guid(b3e8fe2b4716cd542ab72b0a9532b616) Importer(815301076,1909f56bfc062723c751e8b465ee728b)
Start importing Assets/Animation/Cat_Tail.controller using Guid(b3e8fe2b4716cd542ab72b0a9532b616) Importer(815301076,1909f56bfc062723c751e8b465ee728b)  -> (artifact id: '193a030a41af743ee998029deaca6ed3') in 0.049161 seconds 
========================================================================
Received Import Request.
  Time since last request: 1.050799 seconds.
  path: Assets/Animation/Cat_Tail.anim
  artifactKey: Guid(6fc98693e65896e44a9a69dfcafca3bd) Importer(815301076,1909f56bfc062723c751e8b465ee728b)
Start importing Assets/Animation/Cat_Tail.anim using Guid(6fc98693e65896e44a9a69dfcafca3bd) Importer(815301076,1909f56bfc062723c751e8b465ee728b)  -> (artifact id: '6ea379c329eda1397d6201eb2f5582bf') in 0.013031 seconds 
========================================================================
Received Import Request.
  Time since last request: 23.501072 seconds.
  path: Assets/Resources/스타트화면/나비.png
  artifactKey: Guid(a1ad0ca31db9f404e9487e2bea719317) Importer(815301076,1909f56bfc062723c751e8b465ee728b)
Start importing Assets/Resources/스타트화면/나비.png using Guid(a1ad0ca31db9f404e9487e2bea719317) Importer(815301076,1909f56bfc062723c751e8b465ee728b)  -> (artifact id: 'a451f23ddf21a138eca42cb0bf4f6682') in 0.069731 seconds 
========================================================================
Received Import Request.
  Time since last request: 0.000984 seconds.
  path: Assets/Resources/스타트화면/나비_꼬리.png
  artifactKey: Guid(cb8b179cd392fc849941b420a62f247a) Importer(815301076,1909f56bfc062723c751e8b465ee728b)
Start importing Assets/Resources/스타트화면/나비_꼬리.png using Guid(cb8b179cd392fc849941b420a62f247a) Importer(815301076,1909f56bfc062723c751e8b465ee728b)  -> (artifact id: 'e53e44b54e426329df40b5e958d8d6fb') in 0.040575 seconds 
========================================================================
Received Import Request.
  Time since last request: 0.000741 seconds.
  path: Assets/Resources/스타트화면/나비_눈5.png
  artifactKey: Guid(9e826916a9290ca488f54ddca550801b) Importer(815301076,1909f56bfc062723c751e8b465ee728b)
Start importing Assets/Resources/스타트화면/나비_눈5.png using Guid(9e826916a9290ca488f54ddca550801b) Importer(815301076,1909f56bfc062723c751e8b465ee728b)  -> (artifact id: '968a991d9181b15a44d6409aad0abc63') in 0.040469 seconds 
========================================================================
Received Import Request.
  Time since last request: 0.001001 seconds.
  path: Assets/Resources/스타트화면/나비_눈2.png
  artifactKey: Guid(83587373ff1341e40a20b4771f2f1311) Importer(815301076,1909f56bfc062723c751e8b465ee728b)
Start importing Assets/Resources/스타트화면/나비_눈2.png using Guid(83587373ff1341e40a20b4771f2f1311) Importer(815301076,1909f56bfc062723c751e8b465ee728b)  -> (artifact id: '568224b37e877c2d2b609c6dcec2d162') in 0.030450 seconds 
========================================================================
Received Import Request.
  Time since last request: 0.000848 seconds.
  path: Assets/Resources/스타트화면/나비_눈1.png
  artifactKey: Guid(864f4f53cd9b85f4083a907aad9ea338) Importer(815301076,1909f56bfc062723c751e8b465ee728b)
Start importing Assets/Resources/스타트화면/나비_눈1.png using Guid(864f4f53cd9b85f4083a907aad9ea338) Importer(815301076,1909f56bfc062723c751e8b465ee728b)  -> (artifact id: '2ded4dddf30ba55566ca63df4fae9858') in 0.031928 seconds 
========================================================================
Received Import Request.
  Time since last request: 0.000667 seconds.
  path: Assets/Resources/스타트화면/나비_눈4.png
  artifactKey: Guid(e05f3faedfe33e046a4b19d457d6d2a2) Importer(815301076,1909f56bfc062723c751e8b465ee728b)
Start importing Assets/Resources/스타트화면/나비_눈4.png using Guid(e05f3faedfe33e046a4b19d457d6d2a2) Importer(815301076,1909f56bfc062723c751e8b465ee728b)  -> (artifact id: '8225b56a5f06d89a76cfe2b53c854c65') in 0.045512 seconds 
========================================================================
Received Import Request.
  Time since last request: 0.000545 seconds.
  path: Assets/Resources/스타트화면/나비_눈3.png
  artifactKey: Guid(50d7d256b9a9b8c469a106aa59412a05) Importer(815301076,1909f56bfc062723c751e8b465ee728b)
Start importing Assets/Resources/스타트화면/나비_눈3.png using Guid(50d7d256b9a9b8c469a106aa59412a05) Importer(815301076,1909f56bfc062723c751e8b465ee728b)  -> (artifact id: '027516d5080c4e8adad50295cd50c7f3') in 0.028894 seconds 
========================================================================
Received Import Request.
  Time since last request: 387.020396 seconds.
  path: Assets/Animation/Cat_Tail.anim
  artifactKey: Guid(6fc98693e65896e44a9a69dfcafca3bd) Importer(815301076,1909f56bfc062723c751e8b465ee728b)
Start importing Assets/Animation/Cat_Tail.anim using Guid(6fc98693e65896e44a9a69dfcafca3bd) Importer(815301076,1909f56bfc062723c751e8b465ee728b)  -> (artifact id: 'ce6a4f8f4522c3628fbca764ecca9f04') in 0.006664 seconds 
========================================================================
Received Prepare
Registering precompiled user dll's ...
Registered in 0.006026 seconds.
Begin MonoManager ReloadAssembly
Native extension for WindowsStandalone target not found
Refreshing native plugins compatible for Editor in 0.66 ms, found 3 plugins.
Preloading 0 native plugins for Editor in 0.00 ms.
Mono: successfully reloaded assembly
- Completed reload, in  1.399 seconds
Domain Reload Profiling:
	ReloadAssembly (1401ms)
		BeginReloadAssembly (294ms)
			ExecutionOrderSort (0ms)
			DisableScriptedObjects (18ms)
			BackupInstance (0ms)
			ReleaseScriptingObjects (0ms)
			CreateAndSetChildDomain (118ms)
		EndReloadAssembly (1029ms)
			LoadAssemblies (185ms)
			RebuildTransferFunctionScriptingTraits (0ms)
			SetupTypeCache (348ms)
			ReleaseScriptCaches (1ms)
			RebuildScriptCaches (37ms)
			SetupLoadedEditorAssemblies (421ms)
				LogAssemblyErrors (0ms)
				InitializePlatformSupportModulesInManaged (7ms)
				SetLoadedEditorAssemblies (1ms)
				RefreshPlugins (1ms)
				BeforeProcessingInitializeOnLoad (123ms)
				ProcessInitializeOnLoadAttributes (264ms)
				ProcessInitializeOnLoadMethodAttributes (13ms)
				AfterProcessingInitializeOnLoad (12ms)
				EditorAssembliesLoaded (0ms)
			ExecutionOrderSort2 (0ms)
			AwakeInstancesAfterBackupRestoration (13ms)
Platform modules already initialized, skipping
Refreshing native plugins compatible for Editor in 0.52 ms, found 3 plugins.
Preloading 0 native plugins for Editor in 0.00 ms.
Unloading 2231 Unused Serialized files (Serialized files now loaded: 0)
System memory in use before: 100.3 MB.
System memory in use after: 100.5 MB.

Unloading 18 unused Assets to reduce memory usage. Loaded Objects now: 2729.
Total: 2.645800 ms (FindLiveObjects: 0.150800 ms CreateObjectMapping: 0.043600 ms MarkObjects: 2.429400 ms  DeleteObjects: 0.021200 ms)

AssetImportParameters requested are different than current active one (requested -> active):
  custom:framework-win-MediaFoundation: 216162199b28c13a410421893ffa2e32 -> 
  custom:video-decoder-ogg-theora: a1e56fd34408186e4bbccfd4996cb3dc -> 
  custom:container-muxer-webm: aa71ff27fc2769a1b78a27578f13a17b -> 
  custom:container-demuxer-webm: 4f35f7cbe854078d1ac9338744f61a02 -> 
  custom:container-demuxer-ogg: 62fdf1f143b41e24485cea50d1cbac27 -> 
  custom:video-encoder-webm-vp8: eb34c28f22e8b96e1ab97ce403110664 -> 
  custom:video-decoder-webm-vp8: 9c59270c3fd7afecdb556c50c9e8de78 -> 
  custom:audio-decoder-ogg-vorbis: bf7c407c2cedff20999df2af8eb42d56 -> 
  custom:audio-encoder-webm-vorbis: bf7c407c2cedff20999df2af8eb42d56 -> 
========================================================================
Received Import Request.
  Time since last request: 64.114193 seconds.
  path: Assets/Resources/스타트화면
  artifactKey: Guid(4e360f780fa5dad4193de3960e494034) Importer(815301076,1909f56bfc062723c751e8b465ee728b)
Start importing Assets/Resources/스타트화면 using Guid(4e360f780fa5dad4193de3960e494034) Importer(815301076,1909f56bfc062723c751e8b465ee728b)  -> (artifact id: '8331cfaffd1388f3b28217e53d0393c5') in 0.020314 seconds 
========================================================================
Received Import Request.
  Time since last request: 3.752632 seconds.
  path: Assets/Resources/스타트화면/스타트.png
  artifactKey: Guid(703a5d62c475c984f9d91159c52a5841) Importer(815301076,1909f56bfc062723c751e8b465ee728b)
Start importing Assets/Resources/스타트화면/스타트.png using Guid(703a5d62c475c984f9d91159c52a5841) Importer(815301076,1909f56bfc062723c751e8b465ee728b)  -> (artifact id: '41b2b30c59a90056002c20e3fb6d4cf4') in 0.068499 seconds 
========================================================================
Received Import Request.
  Time since last request: 0.000548 seconds.
  path: Assets/Resources/스타트화면/제목.png
  artifactKey: Guid(c55d7e31e1e2a4c44aef3cd27c641201) Importer(815301076,1909f56bfc062723c751e8b465ee728b)
Start importing Assets/Resources/스타트화면/제목.png using Guid(c55d7e31e1e2a4c44aef3cd27c641201) Importer(815301076,1909f56bfc062723c751e8b465ee728b)  -> (artifact id: '9b10284ac4090a97cb6dfb01b01f28a9') in 0.053791 seconds 
========================================================================
Received Prepare
Registering precompiled user dll's ...
Registered in 0.008107 seconds.
Begin MonoManager ReloadAssembly
Native extension for WindowsStandalone target not found
Refreshing native plugins compatible for Editor in 0.56 ms, found 3 plugins.
Preloading 0 native plugins for Editor in 0.00 ms.
Mono: successfully reloaded assembly
- Completed reload, in  1.005 seconds
Domain Reload Profiling:
	ReloadAssembly (1006ms)
		BeginReloadAssembly (168ms)
			ExecutionOrderSort (0ms)
			DisableScriptedObjects (4ms)
			BackupInstance (0ms)
			ReleaseScriptingObjects (0ms)
			CreateAndSetChildDomain (50ms)
		EndReloadAssembly (770ms)
			LoadAssemblies (147ms)
			RebuildTransferFunctionScriptingTraits (0ms)
			SetupTypeCache (271ms)
			ReleaseScriptCaches (1ms)
			RebuildScriptCaches (32ms)
			SetupLoadedEditorAssemblies (282ms)
				LogAssemblyErrors (0ms)
				InitializePlatformSupportModulesInManaged (5ms)
				SetLoadedEditorAssemblies (0ms)
				RefreshPlugins (1ms)
				BeforeProcessingInitializeOnLoad (92ms)
				ProcessInitializeOnLoadAttributes (168ms)
				ProcessInitializeOnLoadMethodAttributes (9ms)
				AfterProcessingInitializeOnLoad (7ms)
				EditorAssembliesLoaded (0ms)
			ExecutionOrderSort2 (0ms)
			AwakeInstancesAfterBackupRestoration (6ms)
Platform modules already initialized, skipping
Refreshing native plugins compatible for Editor in 0.52 ms, found 3 plugins.
Preloading 0 native plugins for Editor in 0.00 ms.
Unloading 2231 Unused Serialized files (Serialized files now loaded: 0)
System memory in use before: 100.5 MB.
System memory in use after: 100.7 MB.

Unloading 18 unused Assets to reduce memory usage. Loaded Objects now: 2736.
Total: 3.339800 ms (FindLiveObjects: 0.146000 ms CreateObjectMapping: 0.037100 ms MarkObjects: 3.138600 ms  DeleteObjects: 0.017500 ms)

AssetImportParameters requested are different than current active one (requested -> active):
  custom:framework-win-MediaFoundation: 216162199b28c13a410421893ffa2e32 -> 
  custom:video-decoder-ogg-theora: a1e56fd34408186e4bbccfd4996cb3dc -> 
  custom:container-muxer-webm: aa71ff27fc2769a1b78a27578f13a17b -> 
  custom:container-demuxer-webm: 4f35f7cbe854078d1ac9338744f61a02 -> 
  custom:container-demuxer-ogg: 62fdf1f143b41e24485cea50d1cbac27 -> 
  custom:video-encoder-webm-vp8: eb34c28f22e8b96e1ab97ce403110664 -> 
  custom:video-decoder-webm-vp8: 9c59270c3fd7afecdb556c50c9e8de78 -> 
  custom:audio-decoder-ogg-vorbis: bf7c407c2cedff20999df2af8eb42d56 -> 
  custom:audio-encoder-webm-vorbis: bf7c407c2cedff20999df2af8eb42d56 -> 
========================================================================
Received Prepare
Registering precompiled user dll's ...
Registered in 0.005667 seconds.
Begin MonoManager ReloadAssembly
Native extension for WindowsStandalone target not found
Refreshing native plugins compatible for Editor in 0.46 ms, found 3 plugins.
Preloading 0 native plugins for Editor in 0.00 ms.
Mono: successfully reloaded assembly
- Completed reload, in  1.070 seconds
Domain Reload Profiling:
	ReloadAssembly (1070ms)
		BeginReloadAssembly (171ms)
			ExecutionOrderSort (0ms)
			DisableScriptedObjects (7ms)
			BackupInstance (0ms)
			ReleaseScriptingObjects (0ms)
			CreateAndSetChildDomain (53ms)
		EndReloadAssembly (837ms)
			LoadAssemblies (138ms)
			RebuildTransferFunctionScriptingTraits (0ms)
			SetupTypeCache (273ms)
			ReleaseScriptCaches (2ms)
			RebuildScriptCaches (50ms)
			SetupLoadedEditorAssemblies (301ms)
				LogAssemblyErrors (0ms)
				InitializePlatformSupportModulesInManaged (4ms)
				SetLoadedEditorAssemblies (0ms)
				RefreshPlugins (1ms)
				BeforeProcessingInitializeOnLoad (70ms)
				ProcessInitializeOnLoadAttributes (210ms)
				ProcessInitializeOnLoadMethodAttributes (9ms)
				AfterProcessingInitializeOnLoad (8ms)
				EditorAssembliesLoaded (0ms)
			ExecutionOrderSort2 (0ms)
			AwakeInstancesAfterBackupRestoration (7ms)
Platform modules already initialized, skipping
Refreshing native plugins compatible for Editor in 0.96 ms, found 3 plugins.
Preloading 0 native plugins for Editor in 0.00 ms.
Unloading 2231 Unused Serialized files (Serialized files now loaded: 0)
System memory in use before: 100.6 MB.
System memory in use after: 100.8 MB.

Unloading 18 unused Assets to reduce memory usage. Loaded Objects now: 2738.
Total: 3.737400 ms (FindLiveObjects: 0.146700 ms CreateObjectMapping: 0.098900 ms MarkObjects: 3.441100 ms  DeleteObjects: 0.049400 ms)

AssetImportParameters requested are different than current active one (requested -> active):
  custom:framework-win-MediaFoundation: 216162199b28c13a410421893ffa2e32 -> 
  custom:video-decoder-ogg-theora: a1e56fd34408186e4bbccfd4996cb3dc -> 
  custom:container-muxer-webm: aa71ff27fc2769a1b78a27578f13a17b -> 
  custom:container-demuxer-webm: 4f35f7cbe854078d1ac9338744f61a02 -> 
  custom:container-demuxer-ogg: 62fdf1f143b41e24485cea50d1cbac27 -> 
  custom:video-encoder-webm-vp8: eb34c28f22e8b96e1ab97ce403110664 -> 
  custom:video-decoder-webm-vp8: 9c59270c3fd7afecdb556c50c9e8de78 -> 
  custom:audio-decoder-ogg-vorbis: bf7c407c2cedff20999df2af8eb42d56 -> 
  custom:audio-encoder-webm-vorbis: bf7c407c2cedff20999df2af8eb42d56 -> 
========================================================================
Received Import Request.
  Time since last request: 549.090507 seconds.
  path: Assets/Resources/스타트화면/스타트.png
  artifactKey: Guid(703a5d62c475c984f9d91159c52a5841) Importer(815301076,1909f56bfc062723c751e8b465ee728b)
Start importing Assets/Resources/스타트화면/스타트.png using Guid(703a5d62c475c984f9d91159c52a5841) Importer(815301076,1909f56bfc062723c751e8b465ee728b)  -> (artifact id: '09fb138f565de830963d60a82f78e283') in 0.077000 seconds 
========================================================================
Received Import Request.
  Time since last request: 0.000536 seconds.
  path: Assets/Resources/스타트화면/제목.png
  artifactKey: Guid(c55d7e31e1e2a4c44aef3cd27c641201) Importer(815301076,1909f56bfc062723c751e8b465ee728b)
Start importing Assets/Resources/스타트화면/제목.png using Guid(c55d7e31e1e2a4c44aef3cd27c641201) Importer(815301076,1909f56bfc062723c751e8b465ee728b)  -> (artifact id: '2e7055f953483985108d109a6fa2c7ea') in 0.028286 seconds 
========================================================================
Received Prepare
Registering precompiled user dll's ...
Registered in 0.007336 seconds.
Begin MonoManager ReloadAssembly
Native extension for WindowsStandalone target not found
Refreshing native plugins compatible for Editor in 0.82 ms, found 3 plugins.
Preloading 0 native plugins for Editor in 0.00 ms.
Mono: successfully reloaded assembly
- Completed reload, in  0.988 seconds
Domain Reload Profiling:
	ReloadAssembly (989ms)
		BeginReloadAssembly (142ms)
			ExecutionOrderSort (0ms)
			DisableScriptedObjects (5ms)
			BackupInstance (0ms)
			ReleaseScriptingObjects (0ms)
			CreateAndSetChildDomain (45ms)
		EndReloadAssembly (792ms)
			LoadAssemblies (125ms)
			RebuildTransferFunctionScriptingTraits (0ms)
			SetupTypeCache (292ms)
			ReleaseScriptCaches (1ms)
			RebuildScriptCaches (34ms)
			SetupLoadedEditorAssemblies (271ms)
				LogAssemblyErrors (0ms)
				InitializePlatformSupportModulesInManaged (4ms)
				SetLoadedEditorAssemblies (0ms)
				RefreshPlugins (1ms)
				BeforeProcessingInitializeOnLoad (79ms)
				ProcessInitializeOnLoadAttributes (168ms)
				ProcessInitializeOnLoadMethodAttributes (10ms)
				AfterProcessingInitializeOnLoad (8ms)
				EditorAssembliesLoaded (0ms)
			ExecutionOrderSort2 (0ms)
			AwakeInstancesAfterBackupRestoration (10ms)
Platform modules already initialized, skipping
Refreshing native plugins compatible for Editor in 0.51 ms, found 3 plugins.
Preloading 0 native plugins for Editor in 0.00 ms.
Unloading 2231 Unused Serialized files (Serialized files now loaded: 0)
System memory in use before: 100.6 MB.
System memory in use after: 100.8 MB.

Unloading 18 unused Assets to reduce memory usage. Loaded Objects now: 2745.
Total: 2.884500 ms (FindLiveObjects: 0.448200 ms CreateObjectMapping: 0.103900 ms MarkObjects: 2.305200 ms  DeleteObjects: 0.017300 ms)

AssetImportParameters requested are different than current active one (requested -> active):
  custom:framework-win-MediaFoundation: 216162199b28c13a410421893ffa2e32 -> 
  custom:video-decoder-ogg-theora: a1e56fd34408186e4bbccfd4996cb3dc -> 
  custom:container-muxer-webm: aa71ff27fc2769a1b78a27578f13a17b -> 
  custom:container-demuxer-webm: 4f35f7cbe854078d1ac9338744f61a02 -> 
  custom:container-demuxer-ogg: 62fdf1f143b41e24485cea50d1cbac27 -> 
  custom:video-encoder-webm-vp8: eb34c28f22e8b96e1ab97ce403110664 -> 
  custom:video-decoder-webm-vp8: 9c59270c3fd7afecdb556c50c9e8de78 -> 
  custom:audio-decoder-ogg-vorbis: bf7c407c2cedff20999df2af8eb42d56 -> 
  custom:audio-encoder-webm-vorbis: bf7c407c2cedff20999df2af8eb42d56 -> 
========================================================================
Received Import Request.
  Time since last request: 82.621523 seconds.
  path: Assets/Saves/TopBarDataFile.json
  artifactKey: Guid(7c665a9778bcf804f9f6d8b7203a9328) Importer(815301076,1909f56bfc062723c751e8b465ee728b)
Start importing Assets/Saves/TopBarDataFile.json using Guid(7c665a9778bcf804f9f6d8b7203a9328) Importer(815301076,1909f56bfc062723c751e8b465ee728b)  -> (artifact id: '1c8f2446e7af785ff32c6343acf0039d') in 0.026224 seconds 
========================================================================
Received Import Request.
  Time since last request: 0.550069 seconds.
  path: Assets/Saves/GoodsDataFile.json
  artifactKey: Guid(90127a2bf87ad814b96bbe5f4e3d2366) Importer(815301076,1909f56bfc062723c751e8b465ee728b)
Start importing Assets/Saves/GoodsDataFile.json using Guid(90127a2bf87ad814b96bbe5f4e3d2366) Importer(815301076,1909f56bfc062723c751e8b465ee728b)  -> (artifact id: '2b3e9c0b841d94a5c22876251b1c3675') in 0.014137 seconds 
========================================================================
Received Import Request.
  Time since last request: 33.030704 seconds.
  path: Assets/Resources/먹이
  artifactKey: Guid(3be16bea04701f04a8f7e70c9da5a503) Importer(815301076,1909f56bfc062723c751e8b465ee728b)
Start importing Assets/Resources/먹이 using Guid(3be16bea04701f04a8f7e70c9da5a503) Importer(815301076,1909f56bfc062723c751e8b465ee728b)  -> (artifact id: '019acf3a6c50b46a8eaed1da89d5bf14') in 0.013603 seconds 
========================================================================
Received Import Request.
  Time since last request: 134.455672 seconds.
  path: Assets/Resources/상점상품/2. 꽃병/2. 꽃병2.png
  artifactKey: Guid(bf5caeee21d113344bf986dd149b381a) Importer(815301076,1909f56bfc062723c751e8b465ee728b)
Start importing Assets/Resources/상점상품/2. 꽃병/2. 꽃병2.png using Guid(bf5caeee21d113344bf986dd149b381a) Importer(815301076,1909f56bfc062723c751e8b465ee728b)  -> (artifact id: '67d451e110da44516007c582c7e3d5a6') in 0.055061 seconds 
========================================================================
Received Import Request.
  Time since last request: 0.001146 seconds.
  path: Assets/Resources/상점상품/2. 꽃병/4. 꽃병4.png
  artifactKey: Guid(bde3bf39c07bc0c4faf551d6ba72a499) Importer(815301076,1909f56bfc062723c751e8b465ee728b)
Start importing Assets/Resources/상점상품/2. 꽃병/4. 꽃병4.png using Guid(bde3bf39c07bc0c4faf551d6ba72a499) Importer(815301076,1909f56bfc062723c751e8b465ee728b)  -> (artifact id: '98b4b84e225bc633a02dc1c4cf087699') in 0.031609 seconds 
========================================================================
Received Import Request.
  Time since last request: 0.000452 seconds.
  path: Assets/Resources/상점상품/2. 꽃병/3. 꽃병3.png
  artifactKey: Guid(11db61b57e5973e49801d6a30ab7d3be) Importer(815301076,1909f56bfc062723c751e8b465ee728b)
Start importing Assets/Resources/상점상품/2. 꽃병/3. 꽃병3.png using Guid(11db61b57e5973e49801d6a30ab7d3be) Importer(815301076,1909f56bfc062723c751e8b465ee728b)  -> (artifact id: 'a9b4d273162a4a00f2e419f6cb289f36') in 0.032374 seconds 
========================================================================
Received Import Request.
  Time since last request: 22.301537 seconds.
  path: Assets/Resources/상점상품/3. 상자/2. 상자2.png
  artifactKey: Guid(4e4b3f724be566444bc4a578c32a1e83) Importer(815301076,1909f56bfc062723c751e8b465ee728b)
Start importing Assets/Resources/상점상품/3. 상자/2. 상자2.png using Guid(4e4b3f724be566444bc4a578c32a1e83) Importer(815301076,1909f56bfc062723c751e8b465ee728b)  -> (artifact id: 'b64c07d37596fa8bac551ad51cb75745') in 0.020672 seconds 
========================================================================
Received Import Request.
  Time since last request: 0.000428 seconds.
  path: Assets/Resources/상점상품/3. 상자/4. 상자4.png
  artifactKey: Guid(c0745767bf026ad41a583ed11f782c74) Importer(815301076,1909f56bfc062723c751e8b465ee728b)
Start importing Assets/Resources/상점상품/3. 상자/4. 상자4.png using Guid(c0745767bf026ad41a583ed11f782c74) Importer(815301076,1909f56bfc062723c751e8b465ee728b)  -> (artifact id: 'e84d5a621b772cb0a926e32fcd10b471') in 0.018046 seconds 
========================================================================
Received Import Request.
  Time since last request: 0.000438 seconds.
  path: Assets/Resources/상점상품/3. 상자/3. 상자3.png
  artifactKey: Guid(5c641bd688c56564ea5890ba6eed2536) Importer(815301076,1909f56bfc062723c751e8b465ee728b)
Start importing Assets/Resources/상점상품/3. 상자/3. 상자3.png using Guid(5c641bd688c56564ea5890ba6eed2536) Importer(815301076,1909f56bfc062723c751e8b465ee728b)  -> (artifact id: 'b5f6e0e6dfd0d9adad21db7f8a7e9357') in 0.024179 seconds 
AssetImportWorkerClient::OnTransportError - code=2 error=End of file
